<?xml version="1.0" encoding="UTF-8"?>
<!-- Generated by org.testng.reporters.JUnitReportReporter -->
<testsuite hostname="admins-MacBook-Pro-2.local" failures="0" tests="5" name="mytestng.tests.GroupsExample" time="0.011" errors="0" timestamp="2025-01-03T16:07:43 IST" skipped="0">
  <testcase classname="mytestng.tests.GroupsExample" name="test3" time="0.001"/>
  <system-out/>
  <testcase classname="mytestng.tests.GroupsExample" name="test1" time="0.008"/>
  <system-out/>
  <testcase classname="mytestng.tests.GroupsExample" name="test4" time="0.000"/>
  <system-out/>
  <testcase classname="mytestng.tests.GroupsExample" name="test5" time="0.001"/>
  <system-out/>
  <testcase classname="mytestng.tests.GroupsExample" name="test2" time="0.001"/>
  <system-out/>
</testsuite> <!-- mytestng.tests.GroupsExample -->
