<?xml version="1.0" encoding="UTF-8"?>
<!-- Generated by org.testng.reporters.JUnitReportReporter -->
<testsuite hostname="admins-MacBook-Pro-2.local" failures="0" tests="1" name="mytestng.tests.AlertHandleExample" time="22.072" errors="0" timestamp="2025-01-03T16:46:41 IST" skipped="0">
  <testcase classname="mytestng.tests.AlertHandleExample" name="testHandlingAlerts" time="22.072"/>
  <system-out/>
</testsuite> <!-- mytestng.tests.AlertHandleExample -->
