<?xml version="1.0" encoding="UTF-8"?>
<!-- Generated by org.testng.reporters.JUnitReportReporter -->
<testsuite hostname="admins-MacBook-Pro-2.local" failures="0" tests="8" name="mytestng.tests.DependsOnTests" time="55.083" errors="0" timestamp="2025-01-03T14:14:31 IST" skipped="0">
  <testcase classname="mytestng.tests.DependsOnTests" name="test1" time="10.787"/>
  <system-out/>
  <testcase classname="mytestng.tests.DependsOnTests" name="test2" time="5.538"/>
  <system-out/>
  <testcase classname="mytestng.tests.DependsOnTests" name="test3" time="6.563"/>
  <system-out/>
  <testcase classname="mytestng.tests.DependsOnTests" name="test4" time="6.474"/>
  <system-out/>
  <testcase classname="mytestng.tests.DependsOnTests" name="test1" time="3.740"/>
  <system-out/>
  <testcase classname="mytestng.tests.DependsOnTests" name="test3" time="9.638"/>
  <system-out/>
  <testcase classname="mytestng.tests.DependsOnTests" name="test4" time="9.473"/>
  <system-out/>
  <testcase classname="mytestng.tests.DependsOnTests" name="test2" time="2.870"/>
  <system-out/>
</testsuite> <!-- mytestng.tests.DependsOnTests -->
