<?xml version="1.0" encoding="UTF-8"?>
<!-- Generated by org.testng.reporters.JUnitReportReporter -->
<testsuite hostname="admins-MacBook-Pro-2.local" failures="0" tests="3" name="mytestng.tests.MyFirstTestNgTest" time="17.549" errors="0" timestamp="2025-01-02T17:08:25 IST" skipped="0">
  <testcase classname="mytestng.tests.MyFirstTestNgTest" name="googleTest" time="2.388"/>
  <system-out/>
  <testcase classname="mytestng.tests.MyFirstTestNgTest" name="faceBookTest" time="3.809"/>
  <system-out/>
  <testcase classname="mytestng.tests.MyFirstTestNgTest" name="dynamicElementTest" time="11.352"/>
  <system-out/>
</testsuite> <!-- mytestng.tests.MyFirstTestNgTest -->
