<?xml version="1.0" encoding="UTF-8"?>
<!-- Generated by org.testng.reporters.JUnitReportReporter -->
<testsuite hostname="admins-MacBook-Pro-2.local" failures="0" tests="1" name="mytestng.tests.TestNgReporterLog" time="5.266" errors="0" timestamp="2025-01-03T13:50:15 IST" skipped="0">
  <testcase classname="mytestng.tests.TestNgReporterLog" name="test" time="5.266"/>
  <system-out>
    <![CDATA[Step1: Launching the browser
Step1: Launching the browser with Google URL]]>
  </system-out>
</testsuite> <!-- mytestng.tests.TestNgReporterLog -->
