<?xml version="1.0" encoding="UTF-8"?>
<!-- Generated by org.testng.reporters.JUnitReportReporter -->
<testsuite hostname="admins-MacBook-Pro-2.local" failures="0" tests="3" name="mytestng.tests.MyFirstTestNgTest" time="21.841" errors="0" timestamp="2025-01-03T12:30:00 IST" skipped="0">
  <testcase classname="mytestng.tests.MyFirstTestNgTest" name="googleTest" time="3.973"/>
  <system-out/>
  <testcase classname="mytestng.tests.MyFirstTestNgTest" name="faceBookTest" time="4.167"/>
  <system-out/>
  <testcase classname="mytestng.tests.MyFirstTestNgTest" name="dynamicElementTest" time="13.701"/>
  <system-out/>
</testsuite> <!-- mytestng.tests.MyFirstTestNgTest -->
