<?xml version="1.0" encoding="UTF-8"?>
<!-- Generated by org.testng.reporters.JUnitReportReporter -->
<testsuite hostname="admins-MacBook-Pro-2.local" failures="0" tests="2" name="mytestng.tests.AnnotationsExample" time="0.007" errors="0" timestamp="2025-01-02T17:43:30 IST" skipped="0">
  <testcase classname="mytestng.tests.AnnotationsExample" name="test2" time="0.001"/>
  <system-out/>
  <testcase classname="mytestng.tests.AnnotationsExample" name="test1" time="0.006"/>
  <system-out/>
</testsuite> <!-- mytestng.tests.AnnotationsExample -->
